Arguments: 
  C:\Program Files\nodejs\node.exe C:\Program Files (x86)\Yarn\bin\yarn.js add dayjs

PATH: 
  C:\Program Files\Common Files\Oracle\Java\javapath;C:\Program Files (x86)\Razer\ChromaBroadcast\bin;C:\Program Files\Razer\ChromaBroadcast\bin;C:\Program Files (x86)\Common Files\Oracle\Java\javapath;C:\Program Files (x86)\Common Files\Intel\Shared Libraries\redist\intel64\compiler;C:\ProgramData\Oracle\Java\javapath;C:\Program Files (x86)\Razer Chroma SDK\bin;C:\Program Files\Razer Chroma SDK\bin;C:\Python27\;C:\Python27\Scripts;C:\Windows\system32;C:\Windows;C:\Windows\System32\Wbem;C:\Windows\System32\WindowsPowerShell\v1.0\;C:\Windows\System32\OpenSSH\;C:\ProgramData\chocolatey\bin;C:\Program Files (x86)\Yarn\bin\;C:\Program Files\Java\jdk1.8.0_211\bin;C:\Users\Joao Manoel\AppData\Local\Microsoft\WindowsApps;C:\Users\Joao Manoel\AppData\Roaming\npm;C:\Users\Joao Manoel\AppData\Local\Yarn\bin;D:\Programas\Microsoft VS Code\bin;C:\Program Files\dotnet\;D:\Programas\Git\cmd;C:\Program Files\nodejs\;C:\Users\manoel\scoop\shims;C:\Users\manoel\AppData\Local\Microsoft\WindowsApps;C:\Users\manoel\AppData\Local\Programs\Microsoft VS Code\bin;C:\WINDOWS\system32;C:\WINDOWS;C:\WINDOWS\System32\Wbem;C:\WINDOWS\System32\WindowsPowerShell\v1.0\;C:\WINDOWS\System32\OpenSSH\;C:\Program Files\Docker\Docker\resources\bin;C:\ProgramData\DockerDesktop\version-bin;C:\Program Files (x86)\IncrediBuild;C:\xampp\php;C:\ProgramData\ComposerSetup\bin;C:\Users\manoel\scoop\shims;C:\Users\manoel\AppData\Local\Microsoft\WindowsApps;C:\Users\manoel\AppData\Local\Programs\Microsoft VS Code\bin;C:\Users\manoel\AppData\Local\Microsoft\WindowsApps;C:\Users\manoel\AppData\Local\gitkraken\bin;C:\Users\manoel\AppData\Local\GitHubDesktop\bin;C:\Program Files\JetBrains\WebStorm 2021.2.2\bin;;C:\Users\manoel\.dotnet\tools;C:\Users\manoel\AppData\Roaming\Composer\vendor\bin;C:\Program Files\heroku\bin

Yarn version: 
  1.22.5

Node version: 
  14.16.0

Platform: 
  win32 x64

Trace: 
  Error: EPERM: operation not permitted, unlink 'D:\www\rscore\rscore-server\node_modules\@prisma\engines\query_engine-windows.dll.node'

npm manifest: 
  {
    "name": "rscore-server",
    "version": "0.0.1",
    "description": "",
    "author": "",
    "private": true,
    "license": "UNLICENSED",
    "scripts": {
      "prebuild": "rimraf dist",
      "build": "nest build",
      "format": "prettier --write \"src/**/*.ts\" \"test/**/*.ts\"",
      "start:local": "nest start",
      "start:dev": "nest start --watch",
      "start:debug": "nest start --debug --watch",
      "start": "node dist/main",
      "lint": "eslint \"{src,apps,libs,test}/**/*.ts\" --fix",
      "test": "jest",
      "test:watch": "jest --watch",
      "test:cov": "jest --coverage",
      "test:debug": "node --inspect-brk -r tsconfig-paths/register -r ts-node/register node_modules/.bin/jest --runInBand",
      "test:e2e": "jest --config ./test/jest-e2e.json"
    },
    "dependencies": {
      "@nestjs/common": "^8.0.0",
      "@nestjs/config": "^1.0.1",
      "@nestjs/core": "^8.0.0",
      "@nestjs/jwt": "^8.0.0",
      "@nestjs/mapped-types": "*",
      "@nestjs/passport": "^8.0.1",
      "@nestjs/platform-express": "^8.0.0",
      "@nestjs/throttler": "^2.0.0",
      "@prisma/client": "^3.1.1",
      "bcrypt": "^5.0.1",
      "class-transformer": "^0.4.0",
      "class-validator": "^0.13.1",
      "csurf": "^1.11.0",
      "helmet": "^4.6.0",
      "passport": "^0.4.1",
      "passport-jwt": "^4.0.0",
      "passport-local": "^1.0.0",
      "reflect-metadata": "^0.1.13",
      "rimraf": "^3.0.2",
      "rxjs": "^7.2.0"
    },
    "devDependencies": {
      "@nestjs/cli": "^8.0.0",
      "@nestjs/schematics": "^8.0.0",
      "@nestjs/testing": "^8.0.0",
      "@types/bcrypt": "^5.0.0",
      "@types/express": "^4.17.13",
      "@types/jest": "^27.0.1",
      "@types/node": "^16.0.0",
      "@types/passport-jwt": "^3.0.6",
      "@types/passport-local": "^1.0.34",
      "@types/supertest": "^2.0.11",
      "@typescript-eslint/eslint-plugin": "^4.28.2",
      "@typescript-eslint/parser": "^4.28.2",
      "eslint": "^7.30.0",
      "eslint-config-prettier": "^8.3.0",
      "eslint-plugin-prettier": "^3.4.0",
      "jest": "^27.0.6",
      "prettier": "^2.3.2",
      "prisma": "^3.1.1",
      "supertest": "^6.1.3",
      "ts-jest": "^27.0.3",
      "ts-loader": "^9.2.3",
      "ts-node": "^10.0.0",
      "tsconfig-paths": "^3.10.1",
      "typescript": "^4.3.5"
    },
    "jest": {
      "moduleFileExtensions": [
        "js",
        "json",
        "ts"
      ],
      "rootDir": "src",
      "testRegex": ".*\\.spec\\.ts$",
      "transform": {
        "^.+\\.(t|j)s$": "ts-jest"
      },
      "collectCoverageFrom": [
        "**/*.(t|j)s"
      ],
      "coverageDirectory": "../coverage",
      "testEnvironment": "node"
    }
  }

yarn manifest: 
  No manifest

Lockfile: 
  No lockfile
